=== run @ 2026-06-30 21:27:49 ===
Q: [用户提问] 你觉得项目的工具描述是不是有点像一个code agent？你帮我优化一下描述，让它更像一个通用智能体。注意，只改 tools/file_read.py，我先看看结果！
A: 

已完成 `tools/file_read.py` 中三个工具描述的优化，具体改动如下：

**1. `get_workspace_info`**
- 标题从"获取当前工作区的绝对路径和系统平台信息"改为更温和的"了解当前工作区的基本信息，包括存储位置和运行环境"
- 适用场景去掉了"工作目录"等偏开发术语，改为"资源目录"、"开展工作"等通用表述

**2. `grep`**
- 去掉了"底层使用 rg --json"这类实现细节
- 将生硬的"不要用本工具找文件名"改为更自然的"注意：本工具用于搜索文件内容；如果只想知道文件在哪里，请用 glob"
- 将符号化表达 `→` 改为完整的"需要查看上下文时，可设置 context_lines=3~5"

**3. `read_file`**
- 去掉了口语化的注释"读文件的工具的话，需要限制读的长度，不能读太长"，改为"用于读取文本文件内容的工具"
- "读文件内容"改为"读取文本文件的内容"
- 补充了"（必填）"标注，修正了"JSON 字符串"为"JSON 对象"
- 优化了整体排版和分段

整体方向是：**去除底层实现细节、减少代码/命令行术语、使用更通用的自然语言描述**，使工具看起来更像是面向通用任务的智能体能力，而非代码操作代理。
--- trace ---
  [0] system: 你是一个智能体助手，你可以帮助用户分析问题，并给出解决方案。用户可能提出模糊的请求。你需要根据用户提问和上下文，选择最合适的工具来解决问题。问题涉及到关键文件内容的话，必须读取关键实现文件，信息不足时继续调用工具。工具对于用户的提问来说是隐藏的。

所有工具返回统一协议：
- ok=true 表示工具执行成功，可以使用 data 中的 path/content/matches 等结果继续任务。
- ok=false 表示工具失败，必须根据 code/error/hint 调整下一步，不要假装成功。
- code 是机器可读结果码；hint 是给你的修正建议。
- 对会修改外部状态的工具，成功后必须调用对应验证工具确认结果，再最终回答。

读文件：`data.truncated=true` 时必须用 `data.next_offset` 续读，禁止 patch。
写文件：完成修改后必须调用 get_changes 查看实际改动。最终总结只能基于 get_changes 的 data 中真实出现的改动。如果计划修改了某处但 diff 中没有出现，必须说明「未完成」，不能声称已经修改。涉及文件修改时，先形成最小文件操作计划，再开始修改。
计划只需要服务工具调用顺序，不需要长篇解释。
计划应包含：
1. 如何定位目标文件
2. 需要读取哪些目标片段
3. 使用哪种写入工具修改
4. 修改后调用 get_changes 验证

禁止无目标地泛泛浏览 workspace。
如果目标文件未知，先用 glob/grep 定位；定位后只读取与任务相关的文件和片段。

  [1] user: [用户提问] 你觉得项目的工具描述是不是有点像一个code agent？你帮我优化一下描述，让它更像一个通用智能体。注意，只改 tools/file_read.py，我先看看结果！
  [2] assistant:
[
  {
    "id": "chatcmpl-tool-a714d115ce12edd6",
    "type": "function",
    "function": {
      "name": "read_file",
      "arguments": "{\"path\": \"tools/file_read.py\"}"
    }
  }
]
  [3] tool: {"ok": true, "code": "OK", "data": {"path": "tools/file_read.py", "content": "from pydantic import BaseModel, Field\nfrom core.tool_registry import register_tool, EmptyInput\nfrom typing import Any, Literal\nfrom tools.workspace import _resolve_in_workspace, _to_workspace_relative, WORKSPACE\nimport sys\nimport subprocess\nimport shutil\nimport json\nfrom pathlib import Path\n\nclass GlobInput(BaseModel):\n    pattern: str = Field(description=\"作用模式，glob,对应 -g 参数\")\n    path: str = Field(default=\".\", description=\"搜索目录路径，相对worksplace的路径\")\n    kind: Literal[\"file\", \"dir\", \"any\"] = Field(default=\"any\", description=\"搜索类型，文件或目录或都要\")\n    max_depth: int | None = Field(default=None, description=\"最大搜索深度，默认null，递归查找\")\n    max_results: int = Field(default=10, description=\"最多返回结果数\")\n\nclass ReadFileInput(BaseModel):\n    path: str = Field(description=\"文件路径，相对worksplace的路径\")\n    offset: int = Field(default=1, description=\"读取起始行号，从 1 开始\")\n    limit: int = Field(default=200, description=\"最多读取行数\")\n\nclass GrepInput(BaseModel):\n    query: str = Field(description=\"搜索关键词或正则表达式\")\n    path: str = Field(default=\".\", description=\"搜索目录路径(必须是目录)，相对worksplace的路径\")\n    context_lines: int = Field(default=2, description=\"每个匹配前后各返回多少行上下文\")\n    max_results: int = Field(default=10, description=\"最多返回 match 条数\")\n\n\n@register_tool(\"\"\"\n获取当前工作区的绝对路径和系统平台信息。\n\n适用场景：\n- 用户询问文件存放在哪里，或需要了解当前工作目录的位置\n- 整理、归档文件，或需要在特定目录下执行操作\n- 识别当前操作系统平台（如 Windows、Linux、macOS），以便执行平台特定的操作\n- 编写报告、整理资源时需要引用项目路径信息\n\n输入：无参数，传 {} 即可。\n输出：JSON 对象，字段含义如下：\n      - workspace_root: 工作区的绝对路径\n      - platform: 系统平台标识（如 'linux', 'win32' 等）\n\"\"\")\ndef get_workspace_info(_: EmptyInput) -> dict[str, Any]:\n    return {\n        \"workspace_root\": WORKSPACE.resolve().as_posix(),\n        \"platform\": sys.platform,\n    }\n\n\n@register_tool(\"\"\"\n根据名称或扩展名在 workspace 中查找文件或目录。\n注意：本工具仅用于查找文件路径；如果需要在文件内容中搜索关键词，请使用 grep。\n\n适用场景：\n- 浏览目录结构，查看项目资料\n- 查找特定类型的文件（如图片、文档、表格等）\n- 寻找特定名称的文件或文件夹\n- 快速定位资源位置\n\n输入：\n  pattern  查找模式（必填），例如使用 * 代表任意字符，*.pdf 查找PDF文件\n  path     搜索起始目录，相对 workspace，默认 \".\"\n  kind     查找类型：file（仅文件）、dir（仅文件夹）、any（都要）\n  max_depth  搜索深度限制；默认无限制（递归查找）；设为 1 则只看当前目录\n  max_results  最多返回结果数量，默认 10\n\n输出：\n  包含匹配结果列表的 JSON 对象\n  path 为相对 workspace 的路径，可直接用于读取文件\n\"\"\", input_model=GlobInput)\ndef glob(raw: GlobInput) -> dict[str, Any]:\n    if shutil.which(\"fd\") is None:\n        return {\"error\": \"未找到 fd，请先安装: winget install sharkdp.fd\"}\n\n    root, err = _resolve_in_workspace(raw.path, expect=\"dir\")\n    if err:\n        return err\n\n    cmd = [\"fd\", \"-g\", raw.pattern, \"-a\", str(root)]\n    if raw.max_depth is not None:\n        cmd.extend([\"--max-depth\", str(raw.max_depth)])\n    if raw.kind == \"dir\":\n        cmd.extend([\"-t\", \"d\"])\n    elif raw.kind == \"file\":\n        cmd.extend([\"-t\", \"f\"])\n    \n    proc = subprocess.run(cmd, capture_output=True, text=True, encoding=\"utf-8\")\n\n    if proc.returncode == 2:\n        return {\"error\": proc.stderr.strip() or \"fd 执行失败\"}\n\n    ws = WORKSPACE.resolve()\n    lines = [ln for ln in proc.stdout.splitlines() if ln.strip()]\n    total = len(lines)\n    truncated = total > raw.max_results\n", "start_line": 1, "end_line": 96, "total_lines": 253, "next_offset": 97, "truncated": true, "truncated_by": "chars"}, "error": null, "hint": null}
  [4] assistant:
[
  {
    "id": "chatcmpl-tool-a621d45d47ee641f",
    "type": "function",
    "function": {
      "name": "read_file",
      "arguments": "{\"offset\": 97, \"path\": \"tools/file_read.py\"}"
    }
  }
]
  [5] tool: {"ok": true, "code": "OK", "data": {"path": "tools/file_read.py", "content": "    lines = lines[:raw.max_results]\n    matches = []\n    for line in lines:\n        abs_path = Path(line).resolve()\n        rel = abs_path.relative_to(ws).as_posix()\n        entry_kind = \"dir\" if abs_path.is_dir() else \"file\"\n        matches.append({\"path\": rel, \"kind\": entry_kind})\n    return {\n        \"pattern\": raw.pattern,\n        \"path\": raw.path,\n        \"matches\": matches,\n        \"total\": total,\n        \"truncated\": truncated, \n    }\n\n\n@register_tool(\"\"\"\n在 workspace 内按内容搜索文本（正则）。底层使用 rg --json。\n不要用本工具找文件名；找文件请用 glob。\n\n适用场景：\n- 在大量文档中查找特定关键词或短语\n- 定位文章或报告中的特定段落\n- 查找对某人或某事的引用\n- 需要看上下文 → context_lines=3~5\n\n输入：query（必填）, path（默认 \".\"）, context_lines（默认 2）, max_results（默认 10）\n输出：hits[{file, line, snippet}]，file 为相对 workspace 路径\n无匹配时 hits=[]，不是 error\n\"\"\", input_model=GrepInput)\ndef grep(raw: GrepInput) -> dict[str, Any]:\n    if shutil.which(\"rg\") is None:\n        # 后续版本扩展成python 兜底方式\n        return {\"error\": \"未找到 rg，请先安装: winget install BurntSushi.ripgrep.MSVC\"}\n\n    p, err = _resolve_in_workspace(raw.path, expect=\"any\")\n\n    if err:\n        return err\n    cmd = [\"rg\", \"--json\", \"-C\", str(raw.context_lines), raw.query, str(p)]\n    proc = subprocess.run(cmd, capture_output=True, text=True, encoding=\"utf-8\")\n\n    if proc.returncode == 2:\n        return {\"error\": proc.stderr.strip() or \"rg 执行失败\"}\n    \n    hits = []\n    current_file = None\n    snippet = []\n    match_line = None\n\n    for raw_line in proc.stdout.splitlines():\n        if not raw_line.strip():\n            continue\n        obj = json.loads(raw_line)\n\n        event_type = obj.get(\"type\")\n        data = obj.get(\"data\") or {}\n\n        if event_type == \"begin\":\n            current_file = data[\"path\"][\"text\"]\n            snippet = []\n            match_line = None\n        elif event_type in {\"context\", \"match\"}:\n            line_number = data[\"line_number\"]\n            content = data[\"lines\"][\"text\"].rstrip(\"\\r\\n\")\n\n            if event_type == \"match\" and match_line is None:\n                match_line = line_number\n            snippet.append({\n                \"line\": line_number,\n                \"content\": content,\n                \"kind\": event_type,\n            })\n        elif event_type == \"end\":\n            if snippet and match_line is not None:\n                hits.append({\n                    \"file\": _to_workspace_relative(current_file),\n                    \"line\": match_line,\n                    \"snippet\": snippet,\n                })\n                if len(hits) >= raw.max_results:\n                    break\n\n    return {\n        \"path\": _to_workspace_relative(p),\n        \"query\": raw.query,\n        \"context_lines\": raw.context_lines,\n        \"hits\": hits[:raw.max_results],\n        \"total_hits\": len(hits[:raw.max_results]),\n        \"truncated\": len(hits) >= raw.max_results,\n    }\n\n\n# 读文件的工具的话，需要限制读的长度，不能读太长\n@register_tool(\"\"\"\n读文件内容。\n适用场景：阅读文章、查看笔记、分析文本内容。适用于文本文件（.py .md .json .txt .yaml 等）。\n输入：\n    path，文件路径。\n    offset，读取起始行号，从 1 开始。\n    limit，最多读取行数。\n输出：JSON 字符串，字段含义如下：\n", "start_line": 97, "end_line": 198, "total_lines": 253, "next_offset": 199, "truncated": true, "truncated_by": "chars"}, "error": null, "hint": null}
  [6] assistant:
[
  {
    "id": "chatcmpl-tool-b23b126a9263446f",
    "type": "function",
    "function": {
      "name": "read_file",
      "arguments": "{\"offset\": 199, \"path\": \"tools/file_read.py\"}"
    }
  }
]
  [7] tool: {"ok": true, "code": "OK", "data": {"path": "tools/file_read.py", "content": "      - path: 文件路径\n      - content: 文件内容\n      - start_line: 读取起始行号\n      - end_line: 读取结束行号\n      - total_lines: 文件总行数\n      - next_offset: 下一页的读取起始行号\n      - truncated: 是否截断\n限制：\n    最多读取 3000 字符，超出会截断\n\"\"\", input_model=ReadFileInput)\ndef read_file(raw: ReadFileInput) -> dict[str, Any]:\n    max_length= 3000 # 默认最大读取字符数，超出会截断\n    truncated = False\n    p, err = _resolve_in_workspace(raw.path, expect=\"file\")\n    if err:\n        return err\n\n    try:    \n        with open(p, \"r\", encoding=\"utf-8\") as f:\n            lines = f.readlines()\n            total_lines = len(lines)\n            if raw.offset > total_lines:\n                return {\n                    \"error\": f\"起始行号超出文件总行数: {_to_workspace_relative(p)}\",\n                    \"total_lines\": total_lines,\n                    \"path\":_to_workspace_relative(p),\n                }\n            start_line = raw.offset - 1\n            end_line = min(start_line + raw.limit, total_lines)\n            selected_lines = lines[start_line:end_line]\n            end_line = start_line + len(selected_lines)\n\n            content = \"\".join(selected_lines)\n\n            if len(content) > max_length:\n                content = content[:max_length]\n                truncated = True\n\n            if end_line < total_lines:\n                next_offset = end_line + 1\n            else:\n                next_offset = None\n            return {\n                \"path\": _to_workspace_relative(p),\n                \"content\": content,\n                \"start_line\": start_line + 1,\n                \"end_line\": end_line,\n                \"total_lines\": total_lines,\n                \"next_offset\": next_offset,\n                \"truncated\": truncated,\n            }\n    except UnicodeDecodeError:\n        return {\"error\": f\"无法以文本读取（可能是二进制文件）: {_to_workspace_relative(p)}\"}\n    except OSError as e:\n        return {\"error\": f\"文件系统错误: {e}\"}", "start_line": 199, "end_line": 253, "total_lines": 253, "next_offset": null, "truncated": false, "truncated_by": null}, "error": null, "hint": null}
  [8] assistant:
[
  {
    "id": "chatcmpl-tool-af7c99e90dea5c96",
    "type": "function",
    "function": {
      "name": "apply_patch",
      "arguments": "{\"old_block\": \"@register_tool(\\\"\\\"\\\"\\n获取当前工作区的绝对路径和系统平台信息。\\n\\n适用场景：\\n- 用户询问文件存放在哪里，或需要了解当前工作目录的位置\\n- 整理、归档文件，或需要在特定目录下执行操作\\n- 识别当前操作系统平台（如 Windows、Linux、macOS），以便执行平台特定的操作\\n- 编写报告、整理资源时需要引用项目路径信息\\n\\n输入：无参数，传 {} 即可。\\n输出：JSON 对象，字段含义如下：\\n      - workspace_root: 工作区的绝对路径\\n      - platform: 系统平台标识（如 'linux', 'win32' 等）\\n\\\"\\\"\\\")\", \"new_block\": \"@register_tool(\\\"\\\"\\\"\\n了解当前工作区的基本信息，包括存储位置和运行环境。\\n\\n适用场景：\\n- 用户想清楚文件保存在哪里，或需要了解资源目录的位置\\n- 整理、归档资料，或需要在特定目录下开展工作\\n- 了解当前运行环境（如 Windows、Linux、macOS），以便选择合适的处理方式\\n- 整理资料、撰写报告时需要确认资源存放路径\\n\\n输入：无参数，传 {} 即可。\\n输出：JSON 对象，字段含义如下：\\n      - workspace_root: 工作区的绝对路径\\n      - platform: 系统平台标识（如 'linux', 'win32' 等）\\n\\\"\\\"\\\")\", \"path\": \"tools/file_read.py\"}"
    }
  }
]
  [9] tool: {"ok": true, "code": "PATCH_APPLIED", "data": {"path": "tools/file_read.py", "replacements": 1}, "error": null, "hint": null}
  [10] assistant:
[
  {
    "id": "chatcmpl-tool-a98ba626dac0b0b2",
    "type": "function",
    "function": {
      "name": "apply_patch",
      "arguments": "{\"new_block\": \"@register_tool(\\\"\\\"\\\"\\n根据名称或扩展名在 workspace 中查找文件或目录。\\n注意：本工具仅用于查找文件路径；如果需要在文件内容中搜索关键词，请使用 grep。\\n\\n适用场景：\\n- 浏览目录结构，查看项目资料\\n- 查找特定类型的文件（如图片、文档、表格等）\\n- 寻找特定名称的文件或文件夹\\n- 快速定位资源位置\\n\\n输入：\\n  pattern  查找模式（必填），例如使用 * 代表任意字符，*.pdf 查找PDF文件\\n  path     搜索起始目录，相对 workspace，默认 \\\".\\\"\\n  kind     查找类型：file（仅文件）、dir（仅文件夹）、any（都要）\\n  max_depth  搜索深度限制；默认无限制（递归查找）；设为 1 则只看当前目录\\n  max_results  最多返回结果数量，默认 10\\n\\n输出：\\n  包含匹配结果列表的 JSON 对象\\n  path 为相对 workspace 的路径，可直接用于读取文件\\n\\\"\\\"\\\", input_model=GlobInput)\", \"old_block\": \"@register_tool(\\\"\\\"\\\"\\n根据名称或扩展名在 workspace 中查找文件或目录。\\n注意：本工具仅用于查找文件路径；如果需要在文件内容中搜索关键词，请使用 grep。\\n\\n适用场景：\\n- 浏览目录结构，查看项目资料\\n- 查找特定类型的文件（如图片、文档、表格等）\\n- 寻找特定名称的文件或文件夹\\n- 快速定位资源位置\\n\\n输入：\\n  pattern  查找模式（必填），例如使用 * 代表任意字符，*.pdf 查找PDF文件\\n  path     搜索起始目录，相对 workspace，默认 \\\".\\\"\\n  kind     查找类型：file（仅文件）、dir（仅文件夹）、any（都要）\\n  max_depth  搜索深度限制；默认无限制（递归查找）；设为 1 则只看当前目录\\n  max_results  最多返回结果数量，默认 10\\n\\n输出：\\n  包含匹配结果列表的 JSON 对象\\n  path 为相对 workspace 的路径，可直接用于读取文件\\n\\\"\\\"\\\", input_model=GlobInput)\", \"path\": \"tools/file_read.py\"}"
    }
  }
]
  [11] tool: {"ok": true, "code": "PATCH_APPLIED", "data": {"path": "tools/file_read.py", "replacements": 1}, "error": null, "hint": null}
  [12] assistant: (no content)
  [13] user: 你刚才返回了空内容。请继续完成任务：如果需要修改就调用工具；如果已完成就给出总结。
  [14] assistant:
[
  {
    "id": "chatcmpl-tool-85868854a2634002",
    "type": "function",
    "function": {
      "name": "apply_patch",
      "arguments": "{\"new_block\": \"@register_tool(\\\"\\\"\\\"\\n在 workspace 内按内容搜索文本（支持关键词或正则表达式）。\\n注意：本工具用于搜索文件内容；如果只想知道文件在哪里，请用 glob。\\n\\n适用场景：\\n- 在大量文档中查找特定关键词或短语\\n- 定位文章或报告中的特定段落\\n- 查找对某人或某事的引用\\n- 需要查看上下文时，可设置 context_lines=3~5\\n\\n输入：query（必填）, path（默认 \\\".\\\"）, context_lines（默认 2）, max_results（默认 10）\\n输出：hits[{file, line, snippet}]，file 为相对 workspace 路径\\n无匹配时 hits=[]，不是 error\\n\\\"\\\"\\\", input_model=GrepInput)\", \"old_block\": \"@register_tool(\\\"\\\"\\\"\\n在 workspace 内按内容搜索文本（正则）。底层使用 rg --json。\\n不要用本工具找文件名；找文件请用 glob。\\n\\n适用场景：\\n- 在大量文档中查找特定关键词或短语\\n- 定位文章或报告中的特定段落\\n- 查找对某人或某事的引用\\n- 需要看上下文 → context_lines=3~5\\n\\n输入：query（必填）, path（默认 \\\".\\\"）, context_lines（默认 2）, max_results（默认 10）\\n输出：hits[{file, line, snippet}]，file 为相对 workspace 路径\\n无匹配时 hits=[]，不是 error\\n\\\"\\\"\\\", input_model=GrepInput)\", \"path\": \"tools/file_read.py\"}"
    }
  }
]
  [15] tool: {"ok": true, "code": "PATCH_APPLIED", "data": {"path": "tools/file_read.py", "replacements": 1}, "error": null, "hint": null}
  [16] assistant: (no content)
  [17] user: 你刚才返回了空内容。请继续完成任务：如果需要修改就调用工具；如果已完成就给出总结。
  [18] assistant:
[
  {
    "id": "chatcmpl-tool-9b600099a6bd5ff9",
    "type": "function",
    "function": {
      "name": "apply_patch",
      "arguments": "{\"new_block\": \"# 用于读取文本文件内容的工具\\n@register_tool(\\\"\\\"\\\"\\n读取文本文件的内容。\\n\\n适用场景：阅读文章、查看笔记、分析文本内容。适用于各类文本文件（.py .md .json .txt .yaml 等）。\\n\\n输入：\\n    path，文件路径（必填）。\\n    offset，读取起始行号，从 1 开始。\\n    limit，最多读取行数。\\n\\n输出：JSON 对象，字段含义如下：\\n      - path: 文件路径\\n      - content: 文件内容\\n      - start_line: 读取起始行号\\n      - end_line: 读取结束行号\\n      - total_lines: 文件总行数\\n      - next_offset: 下一页的读取起始行号\\n      - truncated: 是否截断\\n\\n限制：\\n    最多读取 3000 字符，超出会截断\\n\\\"\\\"\\\", input_model=ReadFileInput)\", \"old_block\": \"# 读文件的工具的话，需要限制读的长度，不能读太长\\n@register_tool(\\\"\\\"\\\"\\n读文件内容。\\n适用场景：阅读文章、查看笔记、分析文本内容。适用于文本文件（.py .md .json .txt .yaml 等）。\\n输入：\\n    path，文件路径。\\n    offset，读取起始行号，从 1 开始。\\n    limit，最多读取行数。\\n输出：JSON 字符串，字段含义如下：\\n      - path: 文件路径\\n      - content: 文件内容\\n      - start_line: 读取起始行号\\n      - end_line: 读取结束行号\\n      - total_lines: 文件总行数\\n      - next_offset: 下一页的读取起始行号\\n      - truncated: 是否截断\\n限制：\\n    最多读取 3000 字符，超出会截断\\n\\\"\\\"\\\", input_model=ReadFileInput)\", \"path\": \"tools/file_read.py\"}"
    }
  }
]
  [19] tool: {"ok": true, "code": "PATCH_APPLIED", "data": {"path": "tools/file_read.py", "replacements": 1}, "error": null, "hint": null}
  [20] assistant: (no content)
  [21] user: 你刚才返回了空内容。请继续完成任务：如果需要修改就调用工具；如果已完成就给出总结。
  [22] assistant:
[
  {
    "id": "chatcmpl-tool-8de6b9442466b063",
    "type": "function",
    "function": {
      "name": "get_changes",
      "arguments": "{\"path\": \"tools/file_read.py\"}"
    }
  }
]
  [23] tool: {"ok": true, "code": "OK", "data": {"source": "git", "changed": true, "status": " M tools/file_read.py\n", "diff": "diff --git a/tools/file_read.py b/tools/file_read.py\nindex ad62b3c..ffca845 100644\n--- a/tools/file_read.py\n+++ b/tools/file_read.py\n@@ -28,13 +28,13 @@ class GrepInput(BaseModel):\n \n \n @register_tool(\"\"\"\n-获取当前工作区的绝对路径和系统平台信息。\n+了解当前工作区的基本信息，包括存储位置和运行环境。\n \n 适用场景：\n-- 用户询问文件存放在哪里，或需要了解当前工作目录的位置\n-- 整理、归档文件，或需要在特定目录下执行操作\n-- 识别当前操作系统平台（如 Windows、Linux、macOS），以便执行平台特定的操作\n-- 编写报告、整理资源时需要引用项目路径信息\n+- 用户想清楚文件保存在哪里，或需要了解资源目录的位置\n+- 整理、归档资料，或需要在特定目录下开展工作\n+- 了解当前运行环境（如 Windows、Linux、macOS），以便选择合适的处理方式\n+- 整理资料、撰写报告时需要确认资源存放路径\n \n 输入：无参数，传 {} 即可。\n 输出：JSON 对象，字段含义如下：\n@@ -111,14 +111,14 @@ def glob(raw: GlobInput) -> dict[str, Any]:\n \n \n @register_tool(\"\"\"\n-在 workspace 内按内容搜索文本（正则）。底层使用 rg --json。\n-不要用本工具找文件名；找文件请用 glob。\n+在 workspace 内按内容搜索文本（支持关键词或正则表达式）。\n+注意：本工具用于搜索文件内容；如果只想知道文件在哪里，请用 glob。\n \n 适用场景：\n - 在大量文档中查找特定关键词或短语\n - 定位文章或报告中的特定段落\n - 查找对某人或某事的引用\n-- 需要看上下文 → context_lines=3~5\n+- 需要查看上下文时，可设置 context_lines=3~5\n \n 输入：query（必填）, path（默认 \".\"）, context_lines（默认 2）, max_results（默认 10）\n 输出：hits[{file, line, snippet}]，file 为相对 workspace 路径\n@@ -187,15 +187,18 @@ def grep(raw: GrepInput) -> dict[str, Any]:\n     }\n \n \n-# 读文件的工具的话，需要限制读的长度，不能读太长\n+# 用于读取文本文件内容的工具\n @register_tool(\"\"\"\n-读文件内容。\n-适用场景：阅读文章、查看笔记、分析文本内容。适用于文本文件（.py .md .json .txt .yaml 等）。\n+读取文本文件的内容。\n+\n+适用场景：阅读文章、查看笔记、分析文本内容。适用于各类文本文件（.py .md .json .txt .yaml 等）。\n+\n 输入：\n-    path，文件路径。\n+    path，文件路径（必填）。\n     offset，读取起始行号，从 1 开始。\n     limit，最多读取行数。\n-输出：JSON 字符串，字段含义如下：\n+\n+输出：JSON 对象，字段含义如下：\n       - path: 文件路径\n       - content: 文件内容\n       - start_line: 读取起始行号\n@@ -203,6 +206,7 @@ def grep(raw: GrepInput) -> dict[str, Any]:\n       - total_lines: 文件总行数\n       - next_offset: 下一页的读取起始行号\n       - truncated: 是否截断\n+\n 限制：\n     最多读取 3000 字符，超出会截断\n \"\"\", input_model=ReadFileInput)\n", "truncated": false}, "error": null, "hint": null}
  [24] assistant: 

已完成 `tools/file_read.py` 中三个工具描述的优化，具体改动如下：

**1. `get_workspace_info`**
- 标题从"获取当前工作区的绝对路径和系统平台信息"改为更温和的"了解当前工作区的基本信息，包括存储位置和运行环境"
- 适用场景去掉了"工作目录"等偏开发术语，改为"资源目录"、"开展工作"等通用表述

**2. `grep`**
- 去掉了"底层使用 rg --json"这类实现细节
- 将生硬的"不要用本工具找文件名"改为更自然的"注意：本工具用于搜索文件内容；如果只想知道文件在哪里，请用 glob"
- 将符号化表达 `→` 改为完整的"需要查看上下文时，可设置 context_lines=3~5"

**3. `read_file`**
- 去掉了口语化的注释"读文件的工具的话，需要限制读的长度，不能读太长"，改为"用于读取文本文件内容的工具"
- "读文件内容"改为"读取文本文件的内容"
- 补充了"（必填）"标注，修正了"JSON 字符串"为"JSON 对象"
- 优化了整体排版和分段

整体方向是：**去除底层实现细节、减少代码/命令行术语、使用更通用的自然语言描述**，使工具看起来更像是面向通用任务的智能体能力，而非代码操作代理。
